#
# There is insufficient memory for the Java Runtime Environment to continue.
# Native memory allocation (malloc) failed to allocate 280336 bytes for Chunk::new
# Possible reasons:
#   The system is out of physical RAM or swap space
#   In 32 bit mode, the process size limit was hit
# Possible solutions:
#   Reduce memory load on the system
#   Increase physical memory or swap space
#   Check if swap backing store is full
#   Use 64 bit Java on a 64 bit OS
#   Decrease Java heap size (-Xmx/-Xms)
#   Decrease number of Java threads
#   Decrease Java thread stack sizes (-Xss)
#   Set larger code cache with -XX:ReservedCodeCacheSize=
# This output file may be truncated or incomplete.
#
#  Out of Memory Error (allocation.cpp:390), pid=5480, tid=0x0000000000003224
#
# JRE version: Java(TM) SE Runtime Environment (8.0_111-b14) (build 1.8.0_111-b14)
# Java VM: Java HotSpot(TM) 64-Bit Server VM (25.111-b14 mixed mode windows-amd64 compressed oops)
# Failed to write core dump. Minidumps are not enabled by default on client versions of Windows
#

---------------  T H R E A D  ---------------

Current thread (0x00000000174a5800):  JavaThread "C2 CompilerThread0" daemon [_thread_in_native, id=12836, stack(0x0000000017b90000,0x0000000017c90000)]

Stack: [0x0000000017b90000,0x0000000017c90000]
[error occurred during error reporting (printing stack bounds), id 0xc0000005]

Native frames: (J=compiled Java code, j=interpreted, Vv=VM code, C=native code)


Current CompileTask:
C2:   3795 2448       4       com.android.dx.ssa.SsaMethod::forEachBlockDepthFirstDom (128 bytes)


---------------  P R O C E S S  ---------------

Java Threads: ( => current thread )
  0x000000001778f000 JavaThread "pool-2-thread-4" [_thread_blocked, id=9956, stack(0x0000000018d90000,0x0000000018e90000)]
  0x000000001778e000 JavaThread "pool-2-thread-3" [_thread_in_Java, id=14556, stack(0x0000000018c90000,0x0000000018d90000)]
  0x000000001770e800 JavaThread "pool-2-thread-2" [_thread_blocked, id=12284, stack(0x0000000018b90000,0x0000000018c90000)]
  0x000000001770f800 JavaThread "pool-3-thread-1" [_thread_blocked, id=4196, stack(0x0000000018a90000,0x0000000018b90000)]
  0x000000001781e000 JavaThread "pool-2-thread-1" [_thread_in_Java, id=12104, stack(0x0000000018990000,0x0000000018a90000)]
  0x0000000017519000 JavaThread "Service Thread" daemon [_thread_blocked, id=18460, stack(0x0000000017f90000,0x0000000018090000)]
  0x00000000174ec800 JavaThread "C1 CompilerThread3" daemon [_thread_blocked, id=13732, stack(0x0000000017e90000,0x0000000017f90000)]
  0x00000000174af000 JavaThread "C2 CompilerThread2" daemon [_thread_in_native, id=15480, stack(0x0000000017d90000,0x0000000017e90000)]
  0x00000000174a9000 JavaThread "C2 CompilerThread1" daemon [_thread_in_native, id=15396, stack(0x0000000017c90000,0x0000000017d90000)]
=>0x00000000174a5800 JavaThread "C2 CompilerThread0" daemon [_thread_in_native, id=12836, stack(0x0000000017b90000,0x0000000017c90000)]
  0x00000000174a2800 JavaThread "Attach Listener" daemon [_thread_blocked, id=1180, stack(0x0000000017a90000,0x0000000017b90000)]
  0x0000000017457000 JavaThread "Signal Dispatcher" daemon [_thread_blocked, id=3624, stack(0x0000000017990000,0x0000000017a90000)]
  0x0000000017440800 JavaThread "Finalizer" daemon [_thread_blocked, id=5016, stack(0x0000000017820000,0x0000000017920000)]
  0x0000000002a06800 JavaThread "Reference Handler" daemon [_thread_blocked, id=19340, stack(0x0000000017320000,0x0000000017420000)]
  0x00000000024be000 JavaThread "main" [_thread_blocked, id=5852, stack(0x0000000002810000,0x0000000002910000)]

Other Threads:
  0x0000000015559800 VMThread [stack: 0x0000000017220000,0x0000000017320000] [id=17960]
  0x0000000017528000 WatcherThread [stack: 0x0000000018090000,0x0000000018190000] [id=9632]

VM state:not at safepoint (normal execution)

VM Mutex/Monitor currently owned by a thread: None

Heap:
 PSYoungGen      total 290816K, used 37693K [0x00000000eab00000, 0x00000000fed00000, 0x0000000100000000)
  eden space 262656K, 4% used [0x00000000eab00000,0x00000000eb76fd40,0x00000000fab80000)
  from space 28160K, 88% used [0x00000000fca80000,0x00000000fe2df8e8,0x00000000fe600000)
  to   space 31744K, 0% used [0x00000000fab80000,0x00000000fab80000,0x00000000fca80000)
 ParOldGen       total 87552K, used 44883K [0x00000000c0000000, 0x00000000c5580000, 0x00000000eab00000)
  object space 87552K, 51% used [0x00000000c0000000,0x00000000c2bd4c68,0x00000000c5580000)
 Metaspace       used 6725K, capacity 7288K, committed 7424K, reserved 1056768K
  class space    used 647K, capacity 688K, committed 768K, reserved 1048576K

Card table byte_map: [0x0000000011de0000,0x0000000011ff0000] byte_map_base: 0x00000000117e0000

Marking Bits: (ParMarkBitMap*) 0x000000006b6fa6c0
 Begin Bits: [0x0000000012950000, 0x0000000013950000)
 End Bits:   [0x0000000013950000, 0x0000000014950000)

Polling page: 0x0000000002490000

CodeCache: size=245760Kb used=9326Kb max_used=9328Kb free=236433Kb
 bounds [0x0000000002a20000, 0x0000000003350000, 0x0000000011a20000]
 total_blobs=2528 nmethods=2256 adapters=184
 compilation: enabled

Compilation events (10 events):
Event: 3.778 Thread 0x00000000174ec800 2445       2       java.lang.System$2::invokeFinalize (5 bytes)
Event: 3.778 Thread 0x00000000174ec800 nmethod 2445 0x0000000003333a90 code [0x0000000003333c00, 0x0000000003333d88]
Event: 3.778 Thread 0x00000000174ec800 2446       2       java.lang.ref.Reference::clear (6 bytes)
Event: 3.779 Thread 0x00000000174ec800 nmethod 2446 0x0000000003333750 code [0x00000000033338a0, 0x0000000003333a10]
Event: 3.781 Thread 0x00000000174a5800 nmethod 2416 0x0000000003330990 code [0x0000000003330c60, 0x0000000003331410]
Event: 3.781 Thread 0x00000000174a5800 2448       4       com.android.dx.ssa.SsaMethod::forEachBlockDepthFirstDom (128 bytes)
Event: 3.782 Thread 0x00000000174ec800 2450       1       com.android.dx.ssa.LiteralOpUpgrader$1::visitPhiInsn (1 bytes)
Event: 3.782 Thread 0x00000000174ec800 nmethod 2450 0x0000000003333490 code [0x00000000033335e0, 0x00000000033336f0]
Event: 3.789 Thread 0x00000000174ec800 2452       2       com.android.dx.ssa.ConstCollector$1::compare (42 bytes)
Event: 3.790 Thread 0x00000000174ec800 nmethod 2452 0x0000000003332bd0 code [0x0000000003332d80, 0x0000000003333118]

GC Heap History (10 events):
Event: 0.774 GC heap before
{Heap before GC invocations=2 (full 0):
 PSYoungGen      total 38400K, used 38396K [0x00000000eab00000, 0x00000000ef600000, 0x0000000100000000)
  eden space 33280K, 100% used [0x00000000eab00000,0x00000000ecb80000,0x00000000ecb80000)
  from space 5120K, 99% used [0x00000000ecb80000,0x00000000ed07f310,0x00000000ed080000)
  to   space 5120K, 0% used [0x00000000ef100000,0x00000000ef100000,0x00000000ef600000)
 ParOldGen       total 87552K, used 436K [0x00000000c0000000, 0x00000000c5580000, 0x00000000eab00000)
  object space 87552K, 0% used [0x00000000c0000000,0x00000000c006d0f8,0x00000000c5580000)
 Metaspace       used 6225K, capacity 7000K, committed 7168K, reserved 1056768K
  class space    used 626K, capacity 656K, committed 768K, reserved 1048576K
Event: 0.785 GC heap after
Heap after GC invocations=2 (full 0):
 PSYoungGen      total 71680K, used 5107K [0x00000000eab00000, 0x00000000ef600000, 0x0000000100000000)
  eden space 66560K, 0% used [0x00000000eab00000,0x00000000eab00000,0x00000000eec00000)
  from space 5120K, 99% used [0x00000000ef100000,0x00000000ef5fcd38,0x00000000ef600000)
  to   space 5120K, 0% used [0x00000000eec00000,0x00000000eec00000,0x00000000ef100000)
 ParOldGen       total 87552K, used 4502K [0x00000000c0000000, 0x00000000c5580000, 0x00000000eab00000)
  object space 87552K, 5% used [0x00000000c0000000,0x00000000c04659b0,0x00000000c5580000)
 Metaspace       used 6225K, capacity 7000K, committed 7168K, reserved 1056768K
  class space    used 626K, capacity 656K, committed 768K, reserved 1048576K
}
Event: 0.994 GC heap before
{Heap before GC invocations=3 (full 0):
 PSYoungGen      total 71680K, used 71667K [0x00000000eab00000, 0x00000000ef600000, 0x0000000100000000)
  eden space 66560K, 100% used [0x00000000eab00000,0x00000000eec00000,0x00000000eec00000)
  from space 5120K, 99% used [0x00000000ef100000,0x00000000ef5fcd38,0x00000000ef600000)
  to   space 5120K, 0% used [0x00000000eec00000,0x00000000eec00000,0x00000000ef100000)
 ParOldGen       total 87552K, used 4502K [0x00000000c0000000, 0x00000000c5580000, 0x00000000eab00000)
  object space 87552K, 5% used [0x00000000c0000000,0x00000000c04659b0,0x00000000c5580000)
 Metaspace       used 6330K, capacity 7064K, committed 7424K, reserved 1056768K
  class space    used 627K, capacity 656K, committed 768K, reserved 1048576K
Event: 1.014 GC heap after
Heap after GC invocations=3 (full 0):
 PSYoungGen      total 71680K, used 5097K [0x00000000eab00000, 0x00000000f3700000, 0x0000000100000000)
  eden space 66560K, 0% used [0x00000000eab00000,0x00000000eab00000,0x00000000eec00000)
  from space 5120K, 99% used [0x00000000eec00000,0x00000000ef0fa708,0x00000000ef100000)
  to   space 5120K, 0% used [0x00000000f3200000,0x00000000f3200000,0x00000000f3700000)
 ParOldGen       total 87552K, used 13702K [0x00000000c0000000, 0x00000000c5580000, 0x00000000eab00000)
  object space 87552K, 15% used [0x00000000c0000000,0x00000000c0d61b90,0x00000000c5580000)
 Metaspace       used 6330K, capacity 7064K, committed 7424K, reserved 1056768K
  class space    used 627K, capacity 656K, committed 768K, reserved 1048576K
}
Event: 1.285 GC heap before
{Heap before GC invocations=4 (full 0):
 PSYoungGen      total 71680K, used 71657K [0x00000000eab00000, 0x00000000f3700000, 0x0000000100000000)
  eden space 66560K, 100% used [0x00000000eab00000,0x00000000eec00000,0x00000000eec00000)
  from space 5120K, 99% used [0x00000000eec00000,0x00000000ef0fa708,0x00000000ef100000)
  to   space 5120K, 0% used [0x00000000f3200000,0x00000000f3200000,0x00000000f3700000)
 ParOldGen       total 87552K, used 13702K [0x00000000c0000000, 0x00000000c5580000, 0x00000000eab00000)
  object space 87552K, 15% used [0x00000000c0000000,0x00000000c0d61b90,0x00000000c5580000)
 Metaspace       used 6491K, capacity 7192K, committed 7424K, reserved 1056768K
  class space    used 627K, capacity 656K, committed 768K, reserved 1048576K
Event: 1.312 GC heap after
Heap after GC invocations=4 (full 0):
 PSYoungGen      total 138240K, used 5105K [0x00000000eab00000, 0x00000000f3700000, 0x0000000100000000)
  eden space 133120K, 0% used [0x00000000eab00000,0x00000000eab00000,0x00000000f2d00000)
  from space 5120K, 99% used [0x00000000f3200000,0x00000000f36fc7f8,0x00000000f3700000)
  to   space 5120K, 0% used [0x00000000f2d00000,0x00000000f2d00000,0x00000000f3200000)
 ParOldGen       total 87552K, used 23946K [0x00000000c0000000, 0x00000000c5580000, 0x00000000eab00000)
  object space 87552K, 27% used [0x00000000c0000000,0x00000000c1762b30,0x00000000c5580000)
 Metaspace       used 6491K, capacity 7192K, committed 7424K, reserved 1056768K
  class space    used 627K, capacity 656K, committed 768K, reserved 1048576K
}
Event: 2.848 GC heap before
{Heap before GC invocations=5 (full 0):
 PSYoungGen      total 138240K, used 138225K [0x00000000eab00000, 0x00000000f3700000, 0x0000000100000000)
  eden space 133120K, 100% used [0x00000000eab00000,0x00000000f2d00000,0x00000000f2d00000)
  from space 5120K, 99% used [0x00000000f3200000,0x00000000f36fc7f8,0x00000000f3700000)
  to   space 5120K, 0% used [0x00000000f2d00000,0x00000000f2d00000,0x00000000f3200000)
 ParOldGen       total 87552K, used 23946K [0x00000000c0000000, 0x00000000c5580000, 0x00000000eab00000)
  object space 87552K, 27% used [0x00000000c0000000,0x00000000c1762b30,0x00000000c5580000)
 Metaspace       used 6703K, capacity 7288K, committed 7424K, reserved 1056768K
  class space    used 647K, capacity 688K, committed 768K, reserved 1048576K
Event: 2.959 GC heap after
Heap after GC invocations=5 (full 0):
 PSYoungGen      total 138240K, used 5101K [0x00000000eab00000, 0x00000000fe600000, 0x0000000100000000)
  eden space 133120K, 0% used [0x00000000eab00000,0x00000000eab00000,0x00000000f2d00000)
  from space 5120K, 99% used [0x00000000f2d00000,0x00000000f31fb488,0x00000000f3200000)
  to   space 28160K, 0% used [0x00000000fca80000,0x00000000fca80000,0x00000000fe600000)
 ParOldGen       total 87552K, used 44883K [0x00000000c0000000, 0x00000000c5580000, 0x00000000eab00000)
  object space 87552K, 51% used [0x00000000c0000000,0x00000000c2bd4c68,0x00000000c5580000)
 Metaspace       used 6703K, capacity 7288K, committed 7424K, reserved 1056768K
  class space    used 647K, capacity 688K, committed 768K, reserved 1048576K
}
Event: 3.706 GC heap before
{Heap before GC invocations=6 (full 0):
 PSYoungGen      total 138240K, used 138221K [0x00000000eab00000, 0x00000000fe600000, 0x0000000100000000)
  eden space 133120K, 100% used [0x00000000eab00000,0x00000000f2d00000,0x00000000f2d00000)
  from space 5120K, 99% used [0x00000000f2d00000,0x00000000f31fb488,0x00000000f3200000)
  to   space 28160K, 0% used [0x00000000fca80000,0x00000000fca80000,0x00000000fe600000)
 ParOldGen       total 87552K, used 44883K [0x00000000c0000000, 0x00000000c5580000, 0x00000000eab00000)
  object space 87552K, 51% used [0x00000000c0000000,0x00000000c2bd4c68,0x00000000c5580000)
 Metaspace       used 6724K, capacity 7288K, committed 7424K, reserved 1056768K
  class space    used 647K, capacity 688K, committed 768K, reserved 1048576K
Event: 3.774 GC heap after
Heap after GC invocations=6 (full 0):
 PSYoungGen      total 290816K, used 24958K [0x00000000eab00000, 0x00000000fed00000, 0x0000000100000000)
  eden space 262656K, 0% used [0x00000000eab00000,0x00000000eab00000,0x00000000fab80000)
  from space 28160K, 88% used [0x00000000fca80000,0x00000000fe2df8e8,0x00000000fe600000)
  to   space 31744K, 0% used [0x00000000fab80000,0x00000000fab80000,0x00000000fca80000)
 ParOldGen       total 87552K, used 44883K [0x00000000c0000000, 0x00000000c5580000, 0x00000000eab00000)
  object space 87552K, 51% used [0x00000000c0000000,0x00000000c2bd4c68,0x00000000c5580000)
 Metaspace       used 6724K, capacity 7288K, committed 7424K, reserved 1056768K
  class space    used 647K, capacity 688K, committed 768K, reserved 1048576K
}

Deoptimization events (10 events):
Event: 1.429 Thread 0x000000001778e000 Uncommon trap: reason=bimorphic action=maybe_recompile pc=0x00000000030b2664 method=com.android.dx.rop.code.RegisterSpec.withSimpleType()Lcom/android/dx/rop/code/RegisterSpec; @ 21
Event: 1.429 Thread 0x000000001778e000 Uncommon trap: reason=bimorphic action=maybe_recompile pc=0x00000000030b2664 method=com.android.dx.rop.code.RegisterSpec.withSimpleType()Lcom/android/dx/rop/code/RegisterSpec; @ 21
Event: 2.425 Thread 0x000000001781e000 Uncommon trap: reason=unstable_if action=reinterpret pc=0x0000000002cdf840 method=java.util.HashMap.putVal(ILjava/lang/Object;Ljava/lang/Object;ZZ)Ljava/lang/Object; @ 162
Event: 2.429 Thread 0x000000001781e000 Uncommon trap: reason=unstable_if action=reinterpret pc=0x000000000317e654 method=java.util.HashMap.getNode(ILjava/lang/Object;)Ljava/util/HashMap$Node; @ 84
Event: 2.578 Thread 0x000000001778f000 Uncommon trap: reason=bimorphic action=maybe_recompile pc=0x00000000031f06bc method=com.android.dx.ssa.LiteralOpUpgrader.tryReplacingWithConstant(Lcom/android/dx/ssa/NormalSsaInsn;)Z @ 62
Event: 2.581 Thread 0x000000001778f000 Uncommon trap: reason=bimorphic action=maybe_recompile pc=0x00000000031f06bc method=com.android.dx.ssa.LiteralOpUpgrader.tryReplacingWithConstant(Lcom/android/dx/ssa/NormalSsaInsn;)Z @ 62
Event: 3.004 Thread 0x000000001770e800 Uncommon trap: reason=unstable_if action=reinterpret pc=0x00000000031a2714 method=com.android.dx.ssa.MoveParamCombiner$1.visitNonMoveInsn(Lcom/android/dx/ssa/NormalSsaInsn;)V @ 27
Event: 3.023 Thread 0x000000001781e000 Uncommon trap: reason=unstable_if action=reinterpret pc=0x0000000002ca3330 method=java.util.HashMap.putVal(ILjava/lang/Object;Ljava/lang/Object;ZZ)Ljava/lang/Object; @ 109
Event: 3.486 Thread 0x000000001781e000 Uncommon trap: reason=unstable_if action=reinterpret pc=0x000000000316527c method=java.util.HashMap.putVal(ILjava/lang/Object;Ljava/lang/Object;ZZ)Ljava/lang/Object; @ 162
Event: 3.624 Thread 0x000000001781e000 Uncommon trap: reason=unstable_if action=reinterpret pc=0x00000000031ca2dc method=com.android.dx.rop.code.DexTranslationAdvice.hasConstantOperation(Lcom/android/dx/rop/code/Rop;Lcom/android/dx/rop/code/RegisterSpec;Lcom/android/dx/rop/code/RegisterSpec;)Z

Internal exceptions (6 events):
Event: 0.083 Thread 0x00000000024be000 Exception <a 'java/lang/NoSuchMethodError': Method sun.misc.Unsafe.defineClass(Ljava/lang/String;[BII)Ljava/lang/Class; name or signature does not match> (0x00000000eab07c78) thrown at [C:\re\workspace\8-2-build-windows-amd64-cygwin\jdk8u111\7883\hotspot\
Event: 0.083 Thread 0x00000000024be000 Exception <a 'java/lang/NoSuchMethodError': Method sun.misc.Unsafe.prefetchRead(Ljava/lang/Object;J)V name or signature does not match> (0x00000000eab07f60) thrown at [C:\re\workspace\8-2-build-windows-amd64-cygwin\jdk8u111\7883\hotspot\src\share\vm\prims
Event: 0.585 Thread 0x000000001778e000 Implicit null exception at 0x0000000002c98722 to 0x0000000002c98829
Event: 2.427 Thread 0x000000001781e000 Exception <a 'java/lang/ArrayIndexOutOfBoundsException': 18> (0x00000000f03b1d60) thrown at [C:\re\workspace\8-2-build-windows-amd64-cygwin\jdk8u111\7883\hotspot\src\share\vm\interpreter\interpreterRuntime.cpp, line 366]
Event: 2.428 Thread 0x000000001781e000 Exception <a 'java/lang/ArrayIndexOutOfBoundsException'> (0x00000000f03b38e0) thrown at [C:\re\workspace\8-2-build-windows-amd64-cygwin\jdk8u111\7883\hotspot\src\share\vm\runtime\sharedRuntime.cpp, line 605]
Event: 2.429 Thread 0x000000001781e000 Exception <a 'java/lang/ArrayIndexOutOfBoundsException'> (0x00000000f03b4bc8) thrown at [C:\re\workspace\8-2-build-windows-amd64-cygwin\jdk8u111\7883\hotspot\src\share\vm\runtime\sharedRuntime.cpp, line 605]

Events (10 events):
Event: 3.782 Thread 0x00000000024be000 DEOPT PACKING pc=0x0000000002ce4b2e sp=0x000000000290d300
Event: 3.782 Thread 0x00000000024be000 DEOPT UNPACKING pc=0x0000000002a6787f sp=0x000000000290d020 mode 0
Event: 3.785 Thread 0x000000001781e000 DEOPT PACKING pc=0x0000000002ce4b2e sp=0x0000000018a8d9f0
Event: 3.785 Thread 0x000000001781e000 DEOPT UNPACKING pc=0x0000000002a6787f sp=0x0000000018a8d710 mode 0
Event: 3.785 Thread 0x000000001781e000 DEOPT PACKING pc=0x0000000002ce4b2e sp=0x0000000018a8da90
Event: 3.785 Thread 0x000000001781e000 DEOPT UNPACKING pc=0x0000000002a6787f sp=0x0000000018a8d7b0 mode 0
Event: 3.786 Thread 0x000000001781e000 DEOPT PACKING pc=0x0000000002de5de8 sp=0x0000000018a8e3e0
Event: 3.786 Thread 0x000000001781e000 DEOPT UNPACKING pc=0x0000000002a6787f sp=0x0000000018a8e148 mode 0
Event: 3.787 Thread 0x000000001778e000 DEOPT PACKING pc=0x0000000002ce4b2e sp=0x0000000018d8de00
Event: 3.787 Thread 0x000000001778e000 DEOPT UNPACKING pc=0x0000000002a6787f sp=0x0000000018d8db20 mode 0


Dynamic libraries:
0x00007ff610b10000 - 0x00007ff610b47000 	C:\Program Files\Java\jdk1.8.0_111\bin\java.exe
0x00007ffff4e60000 - 0x00007ffff5031000 	C:\WINDOWS\SYSTEM32\ntdll.dll
0x00007ffff3350000 - 0x00007ffff33fb000 	C:\WINDOWS\System32\KERNEL32.DLL
0x00007ffff13a0000 - 0x00007ffff15bd000 	C:\WINDOWS\System32\KERNELBASE.dll
0x00007ffff2d60000 - 0x00007ffff2e02000 	C:\WINDOWS\System32\ADVAPI32.dll
0x00007ffff28f0000 - 0x00007ffff298e000 	C:\WINDOWS\System32\msvcrt.dll
0x00007ffff37d0000 - 0x00007ffff3829000 	C:\WINDOWS\System32\sechost.dll
0x00007ffff36a0000 - 0x00007ffff37c1000 	C:\WINDOWS\System32\RPCRT4.dll
0x00007ffff2e80000 - 0x00007ffff2fe5000 	C:\WINDOWS\System32\USER32.dll
0x00007ffff1ab0000 - 0x00007ffff1ace000 	C:\WINDOWS\System32\win32u.dll
0x00007ffff4db0000 - 0x00007ffff4de4000 	C:\WINDOWS\System32\GDI32.dll
0x00007ffff2260000 - 0x00007ffff23e2000 	C:\WINDOWS\System32\gdi32full.dll
0x00007fffe7690000 - 0x00007fffe7909000 	C:\WINDOWS\WinSxS\amd64_microsoft.windows.common-controls_6595b64144ccf1df_6.0.14393.447_none_42191651c6827bb3\COMCTL32.dll
0x00007ffff2a90000 - 0x00007ffff2d58000 	C:\WINDOWS\System32\combase.dll
0x00007ffff1940000 - 0x00007ffff1a35000 	C:\WINDOWS\System32\ucrtbase.dll
0x00007ffff1a40000 - 0x00007ffff1aaa000 	C:\WINDOWS\System32\bcryptPrimitives.dll
0x00007ffff28c0000 - 0x00007ffff28ee000 	C:\WINDOWS\System32\IMM32.DLL
0x000000006a9f0000 - 0x000000006aac2000 	C:\Program Files\Java\jdk1.8.0_111\jre\bin\msvcr100.dll
0x000000006aee0000 - 0x000000006b77a000 	C:\Program Files\Java\jdk1.8.0_111\jre\bin\server\jvm.dll
0x00007ffff2e70000 - 0x00007ffff2e78000 	C:\WINDOWS\System32\PSAPI.DLL
0x00007fffe7580000 - 0x00007fffe7589000 	C:\WINDOWS\SYSTEM32\WSOCK32.dll
0x00007ffff4df0000 - 0x00007ffff4e5a000 	C:\WINDOWS\System32\WS2_32.dll
0x00007fffef460000 - 0x00007fffef483000 	C:\WINDOWS\SYSTEM32\WINMM.dll
0x00007fffed840000 - 0x00007fffed84a000 	C:\WINDOWS\SYSTEM32\VERSION.dll
0x00007fffef3d0000 - 0x00007fffef3fb000 	C:\WINDOWS\SYSTEM32\WINMMBASE.dll
0x00007ffff1350000 - 0x00007ffff1392000 	C:\WINDOWS\System32\cfgmgr32.dll
0x000000006bbf0000 - 0x000000006bbff000 	C:\Program Files\Java\jdk1.8.0_111\jre\bin\verify.dll
0x000000006bbc0000 - 0x000000006bbe9000 	C:\Program Files\Java\jdk1.8.0_111\jre\bin\java.dll
0x000000006bba0000 - 0x000000006bbb6000 	C:\Program Files\Java\jdk1.8.0_111\jre\bin\zip.dll
0x00007ffff38a0000 - 0x00007ffff4da9000 	C:\WINDOWS\System32\SHELL32.dll
0x00007ffff1ad0000 - 0x00007ffff21aa000 	C:\WINDOWS\System32\windows.storage.dll
0x00007ffff12e0000 - 0x00007ffff132c000 	C:\WINDOWS\System32\powrprof.dll
0x00007ffff3400000 - 0x00007ffff3452000 	C:\WINDOWS\System32\shlwapi.dll
0x00007ffff1340000 - 0x00007ffff134f000 	C:\WINDOWS\System32\kernel.appcore.dll
0x00007ffff21b0000 - 0x00007ffff2259000 	C:\WINDOWS\System32\shcore.dll
0x00007ffff12c0000 - 0x00007ffff12d4000 	C:\WINDOWS\System32\profapi.dll

VM Arguments:
jvm_args: -Djava.awt.headless=true -Xmx1024M -Dfile.encoding=GBK -Duser.country=CN -Duser.language=zh -Duser.variant 
java_command: com.android.dx.command.Main --dex --force-jumbo --num-threads=4 --multi-dex --output C:\Users\Administrator\Desktop\skiptheline\app\build\intermediates\transforms\dex\debug\folders\1000\10\com.android.support-support-v4-23.3.0_fb2edec7f1c472990a0b591fab0e26c51caffc8d C:\Users\Administrator\Desktop\skiptheline\app\build\intermediates\exploded-aar\com.android.support\support-v4\23.3.0\jars\classes.jar
java_class_path (initial): D:\androidstudioSDK\build-tools\23.0.3\lib\dx.jar
Launcher Type: SUN_STANDARD

Environment Variables:
JAVA_HOME=C:\Program Files\Java\jdk1.8.0_111
CLASSPATH=.;C:\Program Files\Java\jdk1.8.0_111\lib\dt.jar;C:\Program Files\Java\jdk1.8.0_111\lib\tools.jar;
PATH=C:\ProgramData\Oracle\Java\javapath;C:\windows\system32;C:\windows;C:\windows\System32\Wbem;C:\windows\System32\WindowsPowerShell\v1.0\;C:\Program Files (x86)\NVIDIA Corporation\PhysX\Common;C:\Program Files (x86)\GtkSharp\2.12\bin;C:\Program Files (x86)\Windows Kits\8.1\Windows Performance Toolkit\;C:\Program Files\MicroC:\Program Files\Java\jdk1.8.0_111\bin;C:\Program Files\Java\jdk1.8.0_111\jre\bin;C:\Program Files\Java\jdk1.8.0_111\bin;soft SQL Server\120\Tools\Binn\;C:\Program Files\Microsoft SQL Server\130\Tools\Binn\;C:\WINDOWS\system32;C:\WINDOWS;C:\WINDOWS\System32\Wbem;C:\WINDOWS\System32\WindowsPowerShell\v1.0\;C:\Users\Administrator\AppData\Local\Microsoft\WindowsApps;
USERNAME=ÀèÎÄ±ò
OS=Windows_NT
PROCESSOR_IDENTIFIER=Intel64 Family 6 Model 60 Stepping 3, GenuineIntel



---------------  S Y S T E M  ---------------

OS: Windows 10.0 , 64 bit Build 14393 (10.0.14393.0)

CPU:total 8 (4 cores per cpu, 2 threads per core) family 6 model 60 stepping 3, cmov, cx8, fxsr, mmx, sse, sse2, sse3, ssse3, sse4.1, sse4.2, popcnt, avx, avx2, aes, clmul, erms, lzcnt, ht, tsc, tscinvbit, bmi1, bmi2

Memory: 4k page, physical 8295196k(800296k free), swap 15743924k(10404k free)

vm_info: Java HotSpot(TM) 64-Bit Server VM (25.111-b14) for windows-amd64 JRE (1.8.0_111-b14), built on Sep 22 2016 19:24:05 by "java_re" with MS VC++ 10.0 (VS2010)

time: Wed Jan 25 00:46:29 2017
elapsed time: 3 seconds (0d 0h 0m 3s)

