#
# There is insufficient memory for the Java Runtime Environment to continue.
# Native memory allocation (malloc) failed to allocate 1048576 bytes for AllocateHeap
# Possible reasons:
#   The system is out of physical RAM or swap space
#   In 32 bit mode, the process size limit was hit
# Possible solutions:
#   Reduce memory load on the system
#   Increase physical memory or swap space
#   Check if swap backing store is full
#   Use 64 bit Java on a 64 bit OS
#   Decrease Java heap size (-Xmx/-Xms)
#   Decrease number of Java threads
#   Decrease Java thread stack sizes (-Xss)
#   Set larger code cache with -XX:ReservedCodeCacheSize=
# This output file may be truncated or incomplete.
#
#  Out of Memory Error (memory/allocation.inline.hpp:61), pid=12468, tid=0x0000000000004828
#
# JRE version:  (8.0_111-b14) (build )
# Java VM: Java HotSpot(TM) 64-Bit Server VM (25.111-b14 mixed mode windows-amd64 compressed oops)
# Failed to write core dump. Minidumps are not enabled by default on client versions of Windows
#

---------------  T H R E A D  ---------------

Current thread (0x000000000324d800):  JavaThread "Unknown thread" [_thread_in_vm, id=18472, stack(0x0000000003250000,0x0000000003350000)]

Stack: [0x0000000003250000,0x0000000003350000]
[error occurred during error reporting (printing stack bounds), id 0xc0000005]

Native frames: (J=compiled Java code, j=interpreted, Vv=VM code, C=native code)


---------------  P R O C E S S  ---------------

Java Threads: ( => current thread )

Other Threads:

=>0x000000000324d800 (exited) JavaThread "Unknown thread" [_thread_in_vm, id=18472, stack(0x0000000003250000,0x0000000003350000)]

VM state:not at safepoint (normal execution)

VM Mutex/Monitor currently owned by a thread: None

Heap:
 PSYoungGen      total 38400K, used 665K [0x00000000eab00000, 0x00000000ed580000, 0x0000000100000000)
  eden space 33280K, 2% used [0x00000000eab00000,0x00000000eaba6670,0x00000000ecb80000)
  from space 5120K, 0% used [0x00000000ed080000,0x00000000ed080000,0x00000000ed580000)
  to   space 5120K, 0% used [0x00000000ecb80000,0x00000000ecb80000,0x00000000ed080000)
 ParOldGen       total 87552K, used 0K [0x00000000c0000000, 0x00000000c5580000, 0x00000000eab00000)
  object space 87552K, 0% used [0x00000000c0000000,0x00000000c0000000,0x00000000c5580000)
 Metaspace       used 770K, capacity 4480K, committed 4480K, reserved 1056768K
  class space    used 75K, capacity 384K, committed 384K, reserved 1048576K

Card table byte_map: [0x0000000012910000,0x0000000012b20000] byte_map_base: 0x0000000012310000

Marking Bits: (ParMarkBitMap*) 0x000000006b6fa6c0
 Begin Bits: [0x0000000013480000, 0x0000000014480000)
 End Bits:   [0x0000000014480000, 0x0000000015480000)

Polling page: 0x00000000016c0000

CodeCache: size=245760Kb used=328Kb max_used=328Kb free=245431Kb
 bounds [0x0000000003550000, 0x00000000037c0000, 0x0000000012550000]
 total_blobs=58 nmethods=0 adapters=38
 compilation: enabled

Compilation events (0 events):
No events

GC Heap History (0 events):
No events

Deoptimization events (0 events):
No events

Internal exceptions (0 events):
No events

Events (10 events):
Event: 0.086 loading class java/lang/Short
Event: 0.086 loading class java/lang/Short done
Event: 0.086 loading class java/lang/Integer
Event: 0.087 loading class java/lang/Integer done
Event: 0.087 loading class java/lang/Long
Event: 0.087 loading class java/lang/Long done
Event: 0.088 loading class java/lang/NullPointerException
Event: 0.088 loading class java/lang/NullPointerException done
Event: 0.088 loading class java/lang/ArithmeticException
Event: 0.088 loading class java/lang/ArithmeticException done


Dynamic libraries:
0x00007ff610b10000 - 0x00007ff610b47000 	C:\Program Files\Java\jdk1.8.0_111\bin\java.exe
0x00007ffff4e60000 - 0x00007ffff5031000 	C:\WINDOWS\SYSTEM32\ntdll.dll
0x00007ffff3350000 - 0x00007ffff33fb000 	C:\WINDOWS\System32\KERNEL32.DLL
0x00007ffff13a0000 - 0x00007ffff15bd000 	C:\WINDOWS\System32\KERNELBASE.dll
0x00007ffff2d60000 - 0x00007ffff2e02000 	C:\WINDOWS\System32\ADVAPI32.dll
0x00007ffff28f0000 - 0x00007ffff298e000 	C:\WINDOWS\System32\msvcrt.dll
0x00007ffff37d0000 - 0x00007ffff3829000 	C:\WINDOWS\System32\sechost.dll
0x00007ffff36a0000 - 0x00007ffff37c1000 	C:\WINDOWS\System32\RPCRT4.dll
0x00007ffff2e80000 - 0x00007ffff2fe5000 	C:\WINDOWS\System32\USER32.dll
0x00007ffff1ab0000 - 0x00007ffff1ace000 	C:\WINDOWS\System32\win32u.dll
0x00007ffff4db0000 - 0x00007ffff4de4000 	C:\WINDOWS\System32\GDI32.dll
0x00007ffff2260000 - 0x00007ffff23e2000 	C:\WINDOWS\System32\gdi32full.dll
0x00007fffe7690000 - 0x00007fffe7909000 	C:\WINDOWS\WinSxS\amd64_microsoft.windows.common-controls_6595b64144ccf1df_6.0.14393.447_none_42191651c6827bb3\COMCTL32.dll
0x00007ffff2a90000 - 0x00007ffff2d58000 	C:\WINDOWS\System32\combase.dll
0x00007ffff1940000 - 0x00007ffff1a35000 	C:\WINDOWS\System32\ucrtbase.dll
0x00007ffff1a40000 - 0x00007ffff1aaa000 	C:\WINDOWS\System32\bcryptPrimitives.dll
0x00007ffff28c0000 - 0x00007ffff28ee000 	C:\WINDOWS\System32\IMM32.DLL
0x000000006a9f0000 - 0x000000006aac2000 	C:\Program Files\Java\jdk1.8.0_111\jre\bin\msvcr100.dll
0x000000006aee0000 - 0x000000006b77a000 	C:\Program Files\Java\jdk1.8.0_111\jre\bin\server\jvm.dll
0x00007ffff2e70000 - 0x00007ffff2e78000 	C:\WINDOWS\System32\PSAPI.DLL
0x00007fffe7580000 - 0x00007fffe7589000 	C:\WINDOWS\SYSTEM32\WSOCK32.dll
0x00007ffff4df0000 - 0x00007ffff4e5a000 	C:\WINDOWS\System32\WS2_32.dll
0x00007fffef460000 - 0x00007fffef483000 	C:\WINDOWS\SYSTEM32\WINMM.dll
0x00007fffed840000 - 0x00007fffed84a000 	C:\WINDOWS\SYSTEM32\VERSION.dll
0x00007fffef3d0000 - 0x00007fffef3fb000 	C:\WINDOWS\SYSTEM32\WINMMBASE.dll
0x00007ffff1350000 - 0x00007ffff1392000 	C:\WINDOWS\System32\cfgmgr32.dll
0x000000006bbf0000 - 0x000000006bbff000 	C:\Program Files\Java\jdk1.8.0_111\jre\bin\verify.dll
0x000000006bbc0000 - 0x000000006bbe9000 	C:\Program Files\Java\jdk1.8.0_111\jre\bin\java.dll
0x000000006bba0000 - 0x000000006bbb6000 	C:\Program Files\Java\jdk1.8.0_111\jre\bin\zip.dll

VM Arguments:
jvm_args: -Djava.awt.headless=true -Xmx1024M -Dfile.encoding=GBK -Duser.country=CN -Duser.language=zh -Duser.variant 
java_command: com.android.dx.command.Main --dex --force-jumbo --num-threads=4 --multi-dex --output C:\Users\Administrator\Desktop\skiptheline\app\build\intermediates\transforms\dex\debug\folders\1000\5\slice_7 C:\Users\Administrator\Desktop\skiptheline\app\build\intermediates\transforms\instantRunSlicer\debug\folders\1\5\slice_7
java_class_path (initial): D:\androidstudioSDK\build-tools\23.0.3\lib\dx.jar
Launcher Type: SUN_STANDARD

Environment Variables:
JAVA_HOME=C:\Program Files\Java\jdk1.8.0_111
CLASSPATH=.;C:\Program Files\Java\jdk1.8.0_111\lib\dt.jar;C:\Program Files\Java\jdk1.8.0_111\lib\tools.jar;
PATH=C:\ProgramData\Oracle\Java\javapath;C:\windows\system32;C:\windows;C:\windows\System32\Wbem;C:\windows\System32\WindowsPowerShell\v1.0\;C:\Program Files (x86)\NVIDIA Corporation\PhysX\Common;C:\Program Files (x86)\GtkSharp\2.12\bin;C:\Program Files (x86)\Windows Kits\8.1\Windows Performance Toolkit\;C:\Program Files\MicroC:\Program Files\Java\jdk1.8.0_111\bin;C:\Program Files\Java\jdk1.8.0_111\jre\bin;C:\Program Files\Java\jdk1.8.0_111\bin;soft SQL Server\120\Tools\Binn\;C:\Program Files\Microsoft SQL Server\130\Tools\Binn\;C:\WINDOWS\system32;C:\WINDOWS;C:\WINDOWS\System32\Wbem;C:\WINDOWS\System32\WindowsPowerShell\v1.0\;C:\Users\Administrator\AppData\Local\Microsoft\WindowsApps;
USERNAME=ÀèÎÄ±ò
OS=Windows_NT
PROCESSOR_IDENTIFIER=Intel64 Family 6 Model 60 Stepping 3, GenuineIntel



---------------  S Y S T E M  ---------------

OS: Windows 10.0 , 64 bit Build 14393 (10.0.14393.0)

CPU:total 8 (4 cores per cpu, 2 threads per core) family 6 model 60 stepping 3, cmov, cx8, fxsr, mmx, sse, sse2, sse3, ssse3, sse4.1, sse4.2, popcnt, avx, avx2, aes, clmul, erms, lzcnt, ht, tsc, tscinvbit, bmi1, bmi2

Memory: 4k page, physical 8295196k(830564k free), swap 15743924k(8124k free)

vm_info: Java HotSpot(TM) 64-Bit Server VM (25.111-b14) for windows-amd64 JRE (1.8.0_111-b14), built on Sep 22 2016 19:24:05 by "java_re" with MS VC++ 10.0 (VS2010)

time: Wed Jan 25 00:45:44 2017
elapsed time: 0 seconds (0d 0h 0m 0s)

