#
# There is insufficient memory for the Java Runtime Environment to continue.
# Native memory allocation (malloc) failed to allocate 872832 bytes for Chunk::new
# Possible reasons:
#   The system is out of physical RAM or swap space
#   In 32 bit mode, the process size limit was hit
# Possible solutions:
#   Reduce memory load on the system
#   Increase physical memory or swap space
#   Check if swap backing store is full
#   Use 64 bit Java on a 64 bit OS
#   Decrease Java heap size (-Xmx/-Xms)
#   Decrease number of Java threads
#   Decrease Java thread stack sizes (-Xss)
#   Set larger code cache with -XX:ReservedCodeCacheSize=
# This output file may be truncated or incomplete.
#
#  Out of Memory Error (allocation.cpp:390), pid=10132, tid=0x0000000000001838
#
# JRE version: Java(TM) SE Runtime Environment (8.0_111-b14) (build 1.8.0_111-b14)
# Java VM: Java HotSpot(TM) 64-Bit Server VM (25.111-b14 mixed mode windows-amd64 compressed oops)
# Failed to write core dump. Minidumps are not enabled by default on client versions of Windows
#

---------------  T H R E A D  ---------------

Current thread (0x000000001779a000):  JavaThread "C2 CompilerThread1" daemon [_thread_in_native, id=6200, stack(0x0000000017f70000,0x0000000018070000)]

Stack: [0x0000000017f70000,0x0000000018070000]
[error occurred during error reporting (printing stack bounds), id 0xc0000005]

Native frames: (J=compiled Java code, j=interpreted, Vv=VM code, C=native code)


Current CompileTask:
C2:   4309 2198 %     4       com.android.dx.ssa.SCCP::run @ 133 (298 bytes)


---------------  P R O C E S S  ---------------

Java Threads: ( => current thread )
  0x0000000017a7a000 JavaThread "pool-1-thread-1" [_thread_in_Java, id=4956, stack(0x000000001b110000,0x000000001b210000)]
  0x00000000177af000 JavaThread "Service Thread" daemon [_thread_blocked, id=15884, stack(0x0000000018270000,0x0000000018370000)]
  0x00000000177a1000 JavaThread "C1 CompilerThread3" daemon [_thread_blocked, id=13876, stack(0x0000000018170000,0x0000000018270000)]
  0x000000001779b000 JavaThread "C2 CompilerThread2" daemon [_thread_in_native, id=9320, stack(0x0000000018070000,0x0000000018170000)]
=>0x000000001779a000 JavaThread "C2 CompilerThread1" daemon [_thread_in_native, id=6200, stack(0x0000000017f70000,0x0000000018070000)]
  0x000000001585c000 JavaThread "C2 CompilerThread0" daemon [_thread_in_native, id=1292, stack(0x0000000017e70000,0x0000000017f70000)]
  0x000000001774b000 JavaThread "Attach Listener" daemon [_thread_blocked, id=7584, stack(0x0000000017d70000,0x0000000017e70000)]
  0x0000000017798800 JavaThread "Signal Dispatcher" daemon [_thread_blocked, id=7676, stack(0x0000000017c70000,0x0000000017d70000)]
  0x0000000017730800 JavaThread "Finalizer" daemon [_thread_blocked, id=3404, stack(0x0000000017b10000,0x0000000017c10000)]
  0x0000000002d06800 JavaThread "Reference Handler" daemon [_thread_blocked, id=7088, stack(0x0000000017610000,0x0000000017710000)]
  0x0000000002c0e000 JavaThread "main" [_thread_blocked, id=1784, stack(0x00000000026b0000,0x00000000027b0000)]

Other Threads:
  0x0000000015849800 VMThread [stack: 0x0000000017510000,0x0000000017610000] [id=16992]
  0x00000000177b3800 WatcherThread [stack: 0x0000000018370000,0x0000000018470000] [id=14096]

VM state:not at safepoint (normal execution)

VM Mutex/Monitor currently owned by a thread: None

Heap:
 PSYoungGen      total 150528K, used 145210K [0x00000000eab00000, 0x00000000fe600000, 0x0000000100000000)
  eden space 131072K, 95% used [0x00000000eab00000,0x00000000f25d1a08,0x00000000f2b00000)
  from space 19456K, 99% used [0x00000000f2b00000,0x00000000f3dfced8,0x00000000f3e00000)
  to   space 30208K, 0% used [0x00000000fc880000,0x00000000fc880000,0x00000000fe600000)
 ParOldGen       total 87552K, used 41734K [0x00000000c0000000, 0x00000000c5580000, 0x00000000eab00000)
  object space 87552K, 47% used [0x00000000c0000000,0x00000000c28c1878,0x00000000c5580000)
 Metaspace       used 6830K, capacity 7352K, committed 7680K, reserved 1056768K
  class space    used 652K, capacity 688K, committed 768K, reserved 1048576K

Card table byte_map: [0x00000000120d0000,0x00000000122e0000] byte_map_base: 0x0000000011ad0000

Marking Bits: (ParMarkBitMap*) 0x000000006b6fa6c0
 Begin Bits: [0x0000000012c40000, 0x0000000013c40000)
 End Bits:   [0x0000000013c40000, 0x0000000014c40000)

Polling page: 0x0000000000f40000

CodeCache: size=245760Kb used=8729Kb max_used=8729Kb free=237030Kb
 bounds [0x0000000002d10000, 0x00000000035a0000, 0x0000000011d10000]
 total_blobs=2491 nmethods=2219 adapters=184
 compilation: enabled

Compilation events (10 events):
Event: 4.205 Thread 0x00000000177a1000 2313       2       java.util.HashMap::keySet (25 bytes)
Event: 4.205 Thread 0x00000000177a1000 nmethod 2313 0x000000000359a1d0 code [0x000000000359a320, 0x000000000359a4f0]
Event: 4.205 Thread 0x00000000177a1000 2314       2       java.util.HashMap$KeySet::iterator (12 bytes)
Event: 4.206 Thread 0x00000000177a1000 nmethod 2314 0x000000000359a590 code [0x000000000359a700, 0x000000000359a8e8]
Event: 4.206 Thread 0x00000000177a1000 2315       3       com.android.dx.dex.code.OutputFinisher::addConstants (93 bytes)
Event: 4.206 Thread 0x00000000177a1000 nmethod 2315 0x000000000359a990 code [0x000000000359abc0, 0x000000000359bac8]
Event: 4.206 Thread 0x00000000177a1000 2316       2       com.android.dx.dex.file.DebugInfoItem::<init> (36 bytes)
Event: 4.207 Thread 0x00000000177a1000 nmethod 2316 0x000000000359bfd0 code [0x000000000359c140, 0x000000000359c3b8]
Event: 4.210 Thread 0x00000000177a1000 2317       3       com.android.dx.dex.code.OutputFinisher::getAllConstants (47 bytes)
Event: 4.211 Thread 0x00000000177a1000 nmethod 2317 0x000000000359c4d0 code [0x000000000359c700, 0x000000000359d048]

GC Heap History (10 events):
Event: 1.305 GC heap before
{Heap before GC invocations=3 (full 0):
 PSYoungGen      total 38400K, used 38375K [0x00000000eab00000, 0x00000000ef600000, 0x0000000100000000)
  eden space 33280K, 100% used [0x00000000eab00000,0x00000000ecb80000,0x00000000ecb80000)
  from space 5120K, 99% used [0x00000000ed080000,0x00000000ed579f70,0x00000000ed580000)
  to   space 5120K, 0% used [0x00000000ecb80000,0x00000000ecb80000,0x00000000ed080000)
 ParOldGen       total 87552K, used 4268K [0x00000000c0000000, 0x00000000c5580000, 0x00000000eab00000)
  object space 87552K, 4% used [0x00000000c0000000,0x00000000c042b010,0x00000000c5580000)
 Metaspace       used 6390K, capacity 7128K, committed 7424K, reserved 1056768K
  class space    used 627K, capacity 656K, committed 768K, reserved 1048576K
Event: 1.315 GC heap after
Heap after GC invocations=3 (full 0):
 PSYoungGen      total 38400K, used 5105K [0x00000000eab00000, 0x00000000ef600000, 0x0000000100000000)
  eden space 33280K, 0% used [0x00000000eab00000,0x00000000eab00000,0x00000000ecb80000)
  from space 5120K, 99% used [0x00000000ecb80000,0x00000000ed07c740,0x00000000ed080000)
  to   space 5120K, 0% used [0x00000000ef100000,0x00000000ef100000,0x00000000ef600000)
 ParOldGen       total 87552K, used 10344K [0x00000000c0000000, 0x00000000c5580000, 0x00000000eab00000)
  object space 87552K, 11% used [0x00000000c0000000,0x00000000c0a1a0e0,0x00000000c5580000)
 Metaspace       used 6390K, capacity 7128K, committed 7424K, reserved 1056768K
  class space    used 627K, capacity 656K, committed 768K, reserved 1048576K
}
Event: 1.400 GC heap before
{Heap before GC invocations=4 (full 0):
 PSYoungGen      total 38400K, used 38385K [0x00000000eab00000, 0x00000000ef600000, 0x0000000100000000)
  eden space 33280K, 100% used [0x00000000eab00000,0x00000000ecb80000,0x00000000ecb80000)
  from space 5120K, 99% used [0x00000000ecb80000,0x00000000ed07c740,0x00000000ed080000)
  to   space 5120K, 0% used [0x00000000ef100000,0x00000000ef100000,0x00000000ef600000)
 ParOldGen       total 87552K, used 10344K [0x00000000c0000000, 0x00000000c5580000, 0x00000000eab00000)
  object space 87552K, 11% used [0x00000000c0000000,0x00000000c0a1a0e0,0x00000000c5580000)
 Metaspace       used 6424K, capacity 7192K, committed 7424K, reserved 1056768K
  class space    used 627K, capacity 656K, committed 768K, reserved 1048576K
Event: 1.414 GC heap after
Heap after GC invocations=4 (full 0):
 PSYoungGen      total 71680K, used 5093K [0x00000000eab00000, 0x00000000ef600000, 0x0000000100000000)
  eden space 66560K, 0% used [0x00000000eab00000,0x00000000eab00000,0x00000000eec00000)
  from space 5120K, 99% used [0x00000000ef100000,0x00000000ef5f9470,0x00000000ef600000)
  to   space 5120K, 0% used [0x00000000eec00000,0x00000000eec00000,0x00000000ef100000)
 ParOldGen       total 87552K, used 15932K [0x00000000c0000000, 0x00000000c5580000, 0x00000000eab00000)
  object space 87552K, 18% used [0x00000000c0000000,0x00000000c0f8f270,0x00000000c5580000)
 Metaspace       used 6424K, capacity 7192K, committed 7424K, reserved 1056768K
  class space    used 627K, capacity 656K, committed 768K, reserved 1048576K
}
Event: 1.613 GC heap before
{Heap before GC invocations=5 (full 0):
 PSYoungGen      total 71680K, used 71653K [0x00000000eab00000, 0x00000000ef600000, 0x0000000100000000)
  eden space 66560K, 100% used [0x00000000eab00000,0x00000000eec00000,0x00000000eec00000)
  from space 5120K, 99% used [0x00000000ef100000,0x00000000ef5f9470,0x00000000ef600000)
  to   space 5120K, 0% used [0x00000000eec00000,0x00000000eec00000,0x00000000ef100000)
 ParOldGen       total 87552K, used 15932K [0x00000000c0000000, 0x00000000c5580000, 0x00000000eab00000)
  object space 87552K, 18% used [0x00000000c0000000,0x00000000c0f8f270,0x00000000c5580000)
 Metaspace       used 6522K, capacity 7192K, committed 7424K, reserved 1056768K
  class space    used 627K, capacity 656K, committed 768K, reserved 1048576K
Event: 1.631 GC heap after
Heap after GC invocations=5 (full 0):
 PSYoungGen      total 71680K, used 5106K [0x00000000eab00000, 0x00000000f4f00000, 0x0000000100000000)
  eden space 66560K, 0% used [0x00000000eab00000,0x00000000eab00000,0x00000000eec00000)
  from space 5120K, 99% used [0x00000000eec00000,0x00000000ef0fc8e0,0x00000000ef100000)
  to   space 17408K, 0% used [0x00000000f3e00000,0x00000000f3e00000,0x00000000f4f00000)
 ParOldGen       total 87552K, used 26194K [0x00000000c0000000, 0x00000000c5580000, 0x00000000eab00000)
  object space 87552K, 29% used [0x00000000c0000000,0x00000000c1994a40,0x00000000c5580000)
 Metaspace       used 6522K, capacity 7192K, committed 7424K, reserved 1056768K
  class space    used 627K, capacity 656K, committed 768K, reserved 1048576K
}
Event: 1.838 GC heap before
{Heap before GC invocations=6 (full 0):
 PSYoungGen      total 71680K, used 71666K [0x00000000eab00000, 0x00000000f4f00000, 0x0000000100000000)
  eden space 66560K, 100% used [0x00000000eab00000,0x00000000eec00000,0x00000000eec00000)
  from space 5120K, 99% used [0x00000000eec00000,0x00000000ef0fc8e0,0x00000000ef100000)
  to   space 17408K, 0% used [0x00000000f3e00000,0x00000000f3e00000,0x00000000f4f00000)
 ParOldGen       total 87552K, used 26194K [0x00000000c0000000, 0x00000000c5580000, 0x00000000eab00000)
  object space 87552K, 29% used [0x00000000c0000000,0x00000000c1994a40,0x00000000c5580000)
 Metaspace       used 6558K, capacity 7256K, committed 7424K, reserved 1056768K
  class space    used 627K, capacity 656K, committed 768K, reserved 1048576K
Event: 1.859 GC heap after
Heap after GC invocations=6 (full 0):
 PSYoungGen      total 148480K, used 15898K [0x00000000eab00000, 0x00000000f5300000, 0x0000000100000000)
  eden space 131072K, 0% used [0x00000000eab00000,0x00000000eab00000,0x00000000f2b00000)
  from space 17408K, 91% used [0x00000000f3e00000,0x00000000f4d86870,0x00000000f4f00000)
  to   space 19456K, 0% used [0x00000000f2b00000,0x00000000f2b00000,0x00000000f3e00000)
 ParOldGen       total 87552K, used 26194K [0x00000000c0000000, 0x00000000c5580000, 0x00000000eab00000)
  object space 87552K, 29% used [0x00000000c0000000,0x00000000c1994a40,0x00000000c5580000)
 Metaspace       used 6558K, capacity 7256K, committed 7424K, reserved 1056768K
  class space    used 627K, capacity 656K, committed 768K, reserved 1048576K
}
Event: 2.528 GC heap before
{Heap before GC invocations=7 (full 0):
 PSYoungGen      total 148480K, used 146970K [0x00000000eab00000, 0x00000000f5300000, 0x0000000100000000)
  eden space 131072K, 100% used [0x00000000eab00000,0x00000000f2b00000,0x00000000f2b00000)
  from space 17408K, 91% used [0x00000000f3e00000,0x00000000f4d86870,0x00000000f4f00000)
  to   space 19456K, 0% used [0x00000000f2b00000,0x00000000f2b00000,0x00000000f3e00000)
 ParOldGen       total 87552K, used 26194K [0x00000000c0000000, 0x00000000c5580000, 0x00000000eab00000)
  object space 87552K, 29% used [0x00000000c0000000,0x00000000c1994a40,0x00000000c5580000)
 Metaspace       used 6700K, capacity 7288K, committed 7424K, reserved 1056768K
  class space    used 646K, capacity 688K, committed 768K, reserved 1048576K
Event: 2.610 GC heap after
Heap after GC invocations=7 (full 0):
 PSYoungGen      total 150528K, used 19443K [0x00000000eab00000, 0x00000000fe600000, 0x0000000100000000)
  eden space 131072K, 0% used [0x00000000eab00000,0x00000000eab00000,0x00000000f2b00000)
  from space 19456K, 99% used [0x00000000f2b00000,0x00000000f3dfced8,0x00000000f3e00000)
  to   space 30208K, 0% used [0x00000000fc880000,0x00000000fc880000,0x00000000fe600000)
 ParOldGen       total 87552K, used 41734K [0x00000000c0000000, 0x00000000c5580000, 0x00000000eab00000)
  object space 87552K, 47% used [0x00000000c0000000,0x00000000c28c1878,0x00000000c5580000)
 Metaspace       used 6700K, capacity 7288K, committed 7424K, reserved 1056768K
  class space    used 646K, capacity 688K, committed 768K, reserved 1048576K
}

Deoptimization events (10 events):
Event: 3.003 Thread 0x0000000017a77800 Uncommon trap: reason=bimorphic action=maybe_recompile pc=0x00000000034848ac method=com.android.dx.cf.code.BytecodeArray.parseInstruction(ILcom/android/dx/cf/code/BytecodeArray$Visitor;)I @ 1161
Event: 3.246 Thread 0x0000000002c0e000 Uncommon trap: reason=unstable_if action=reinterpret pc=0x000000000330f024 method=java.util.HashMap.resize()[Ljava/util/HashMap$Node; @ 206
Event: 4.056 Thread 0x0000000017a7a000 Uncommon trap: reason=class_check action=maybe_recompile pc=0x00000000030d2908 method=java.util.Arrays.hashCode([Ljava/lang/Object;)I @ 43
Event: 4.056 Thread 0x0000000017a7a000 Uncommon trap: reason=class_check action=maybe_recompile pc=0x00000000030d2908 method=java.util.Arrays.hashCode([Ljava/lang/Object;)I @ 43
Event: 4.057 Thread 0x0000000017a7a000 Uncommon trap: reason=class_check action=maybe_recompile pc=0x00000000030d2908 method=java.util.Arrays.hashCode([Ljava/lang/Object;)I @ 43
Event: 4.057 Thread 0x0000000017a7a000 Uncommon trap: reason=class_check action=maybe_recompile pc=0x00000000030d2908 method=java.util.Arrays.hashCode([Ljava/lang/Object;)I @ 43
Event: 4.057 Thread 0x0000000017a7a000 Uncommon trap: reason=class_check action=maybe_recompile pc=0x00000000030c4a34 method=java.util.Arrays.hashCode([Ljava/lang/Object;)I @ 43
Event: 4.134 Thread 0x0000000017a7a000 Uncommon trap: reason=class_check action=maybe_recompile pc=0x00000000030141bc method=java.util.HashMap.putVal(ILjava/lang/Object;Ljava/lang/Object;ZZ)Ljava/lang/Object; @ 203
Event: 4.135 Thread 0x0000000017a7a000 Uncommon trap: reason=class_check action=maybe_recompile pc=0x00000000030141bc method=java.util.HashMap.putVal(ILjava/lang/Object;Ljava/lang/Object;ZZ)Ljava/lang/Object; @ 203
Event: 4.135 Thread 0x0000000017a7a000 Uncommon trap: reason=class_check action=maybe_recompile pc=0x00000000030141bc method=java.util.HashMap.putVal(ILjava/lang/Object;Ljava/lang/Object;ZZ)Ljava/lang/Object; @ 203

Internal exceptions (7 events):
Event: 0.043 Thread 0x0000000002c0e000 Exception <a 'java/lang/NoSuchMethodError': Method sun.misc.Unsafe.defineClass(Ljava/lang/String;[BII)Ljava/lang/Class; name or signature does not match> (0x00000000eab07c78) thrown at [C:\re\workspace\8-2-build-windows-amd64-cygwin\jdk8u111\7883\hotspot\
Event: 0.043 Thread 0x0000000002c0e000 Exception <a 'java/lang/NoSuchMethodError': Method sun.misc.Unsafe.prefetchRead(Ljava/lang/Object;J)V name or signature does not match> (0x00000000eab07f60) thrown at [C:\re\workspace\8-2-build-windows-amd64-cygwin\jdk8u111\7883\hotspot\src\share\vm\prims
Event: 0.836 Thread 0x0000000017add000 Implicit null exception at 0x0000000002f8cee2 to 0x0000000002f8cfe9
Event: 1.725 Thread 0x0000000002c0e000 Implicit null exception at 0x00000000031b01d1 to 0x00000000031b1b89
Event: 1.935 Thread 0x0000000017add000 Exception <a 'java/lang/ArrayIndexOutOfBoundsException': 18> (0x00000000ebe298a8) thrown at [C:\re\workspace\8-2-build-windows-amd64-cygwin\jdk8u111\7883\hotspot\src\share\vm\interpreter\interpreterRuntime.cpp, line 366]
Event: 1.935 Thread 0x0000000017add000 Exception <a 'java/lang/ArrayIndexOutOfBoundsException': 145> (0x00000000ebe2b428) thrown at [C:\re\workspace\8-2-build-windows-amd64-cygwin\jdk8u111\7883\hotspot\src\share\vm\interpreter\interpreterRuntime.cpp, line 366]
Event: 1.937 Thread 0x0000000017add000 Exception <a 'java/lang/ArrayIndexOutOfBoundsException'> (0x00000000ebe2c710) thrown at [C:\re\workspace\8-2-build-windows-amd64-cygwin\jdk8u111\7883\hotspot\src\share\vm\runtime\sharedRuntime.cpp, line 605]

Events (10 events):
Event: 4.135 Thread 0x0000000017a7a000 Uncommon trap: trap_request=0xffffffde fr.pc=0x00000000030141bc
Event: 4.135 Thread 0x0000000017a7a000 DEOPT PACKING pc=0x00000000030141bc sp=0x000000001b20ef40
Event: 4.135 Thread 0x0000000017a7a000 DEOPT UNPACKING pc=0x0000000002d5582a sp=0x000000001b20ee60 mode 2
Event: 4.135 Thread 0x0000000017a7a000 Uncommon trap: trap_request=0xffffffde fr.pc=0x00000000030141bc
Event: 4.135 Thread 0x0000000017a7a000 DEOPT PACKING pc=0x00000000030141bc sp=0x000000001b20ef40
Event: 4.135 Thread 0x0000000017a7a000 DEOPT UNPACKING pc=0x0000000002d5582a sp=0x000000001b20ee60 mode 2
Event: 4.195 loading class com/android/dx/dex/file/CatchStructs
Event: 4.195 loading class com/android/dx/dex/file/CatchStructs done
Event: 4.211 Thread 0x0000000017a7a000 DEOPT PACKING pc=0x000000000359596a sp=0x000000001b20ef50
Event: 4.211 Thread 0x0000000017a7a000 DEOPT UNPACKING pc=0x0000000002d5787f sp=0x000000001b20ece0 mode 0


Dynamic libraries:
0x00007ff610b10000 - 0x00007ff610b47000 	C:\Program Files\Java\jdk1.8.0_111\bin\java.exe
0x00007ffff4e60000 - 0x00007ffff5031000 	C:\WINDOWS\SYSTEM32\ntdll.dll
0x00007ffff3350000 - 0x00007ffff33fb000 	C:\WINDOWS\System32\KERNEL32.DLL
0x00007ffff13a0000 - 0x00007ffff15bd000 	C:\WINDOWS\System32\KERNELBASE.dll
0x00007ffff2d60000 - 0x00007ffff2e02000 	C:\WINDOWS\System32\ADVAPI32.dll
0x00007ffff28f0000 - 0x00007ffff298e000 	C:\WINDOWS\System32\msvcrt.dll
0x00007ffff37d0000 - 0x00007ffff3829000 	C:\WINDOWS\System32\sechost.dll
0x00007ffff36a0000 - 0x00007ffff37c1000 	C:\WINDOWS\System32\RPCRT4.dll
0x00007ffff2e80000 - 0x00007ffff2fe5000 	C:\WINDOWS\System32\USER32.dll
0x00007ffff1ab0000 - 0x00007ffff1ace000 	C:\WINDOWS\System32\win32u.dll
0x00007ffff4db0000 - 0x00007ffff4de4000 	C:\WINDOWS\System32\GDI32.dll
0x00007ffff2260000 - 0x00007ffff23e2000 	C:\WINDOWS\System32\gdi32full.dll
0x00007fffe7690000 - 0x00007fffe7909000 	C:\WINDOWS\WinSxS\amd64_microsoft.windows.common-controls_6595b64144ccf1df_6.0.14393.447_none_42191651c6827bb3\COMCTL32.dll
0x00007ffff2a90000 - 0x00007ffff2d58000 	C:\WINDOWS\System32\combase.dll
0x00007ffff1940000 - 0x00007ffff1a35000 	C:\WINDOWS\System32\ucrtbase.dll
0x00007ffff1a40000 - 0x00007ffff1aaa000 	C:\WINDOWS\System32\bcryptPrimitives.dll
0x00007ffff28c0000 - 0x00007ffff28ee000 	C:\WINDOWS\System32\IMM32.DLL
0x000000006a9f0000 - 0x000000006aac2000 	C:\Program Files\Java\jdk1.8.0_111\jre\bin\msvcr100.dll
0x000000006aee0000 - 0x000000006b77a000 	C:\Program Files\Java\jdk1.8.0_111\jre\bin\server\jvm.dll
0x00007ffff2e70000 - 0x00007ffff2e78000 	C:\WINDOWS\System32\PSAPI.DLL
0x00007fffe7580000 - 0x00007fffe7589000 	C:\WINDOWS\SYSTEM32\WSOCK32.dll
0x00007ffff4df0000 - 0x00007ffff4e5a000 	C:\WINDOWS\System32\WS2_32.dll
0x00007fffef460000 - 0x00007fffef483000 	C:\WINDOWS\SYSTEM32\WINMM.dll
0x00007fffed840000 - 0x00007fffed84a000 	C:\WINDOWS\SYSTEM32\VERSION.dll
0x00007fffef3d0000 - 0x00007fffef3fb000 	C:\WINDOWS\SYSTEM32\WINMMBASE.dll
0x00007ffff1350000 - 0x00007ffff1392000 	C:\WINDOWS\System32\cfgmgr32.dll
0x000000006bbf0000 - 0x000000006bbff000 	C:\Program Files\Java\jdk1.8.0_111\jre\bin\verify.dll
0x000000006bbc0000 - 0x000000006bbe9000 	C:\Program Files\Java\jdk1.8.0_111\jre\bin\java.dll
0x000000006bba0000 - 0x000000006bbb6000 	C:\Program Files\Java\jdk1.8.0_111\jre\bin\zip.dll
0x00007ffff38a0000 - 0x00007ffff4da9000 	C:\WINDOWS\System32\SHELL32.dll
0x00007ffff1ad0000 - 0x00007ffff21aa000 	C:\WINDOWS\System32\windows.storage.dll
0x00007ffff12e0000 - 0x00007ffff132c000 	C:\WINDOWS\System32\powrprof.dll
0x00007ffff3400000 - 0x00007ffff3452000 	C:\WINDOWS\System32\shlwapi.dll
0x00007ffff1340000 - 0x00007ffff134f000 	C:\WINDOWS\System32\kernel.appcore.dll
0x00007ffff21b0000 - 0x00007ffff2259000 	C:\WINDOWS\System32\shcore.dll
0x00007ffff12c0000 - 0x00007ffff12d4000 	C:\WINDOWS\System32\profapi.dll

VM Arguments:
jvm_args: -Djava.awt.headless=true -Xmx1024M -Dfile.encoding=GBK -Duser.country=CN -Duser.language=zh -Duser.variant 
java_command: com.android.dx.command.Main --dex --force-jumbo --num-threads=4 --multi-dex --output C:\Users\Administrator\Desktop\skiptheline\app\build\intermediates\transforms\dex\debug\folders\1000\10\com.android.support-support-v4-23.3.0_fb2edec7f1c472990a0b591fab0e26c51caffc8d C:\Users\Administrator\Desktop\skiptheline\app\build\intermediates\exploded-aar\com.android.support\support-v4\23.3.0\jars\classes.jar
java_class_path (initial): D:\androidstudioSDK\build-tools\23.0.3\lib\dx.jar
Launcher Type: SUN_STANDARD

Environment Variables:
JAVA_HOME=C:\Program Files\Java\jdk1.8.0_111
CLASSPATH=.;C:\Program Files\Java\jdk1.8.0_111\lib\dt.jar;C:\Program Files\Java\jdk1.8.0_111\lib\tools.jar;
PATH=C:\ProgramData\Oracle\Java\javapath;C:\windows\system32;C:\windows;C:\windows\System32\Wbem;C:\windows\System32\WindowsPowerShell\v1.0\;C:\Program Files (x86)\NVIDIA Corporation\PhysX\Common;C:\Program Files (x86)\GtkSharp\2.12\bin;C:\Program Files (x86)\Windows Kits\8.1\Windows Performance Toolkit\;C:\Program Files\MicroC:\Program Files\Java\jdk1.8.0_111\bin;C:\Program Files\Java\jdk1.8.0_111\jre\bin;C:\Program Files\Java\jdk1.8.0_111\bin;soft SQL Server\120\Tools\Binn\;C:\Program Files\Microsoft SQL Server\130\Tools\Binn\;C:\WINDOWS\system32;C:\WINDOWS;C:\WINDOWS\System32\Wbem;C:\WINDOWS\System32\WindowsPowerShell\v1.0\;C:\Users\Administrator\AppData\Local\Microsoft\WindowsApps;
USERNAME=ÀèÎÄ±ò
OS=Windows_NT
PROCESSOR_IDENTIFIER=Intel64 Family 6 Model 60 Stepping 3, GenuineIntel



---------------  S Y S T E M  ---------------

OS: Windows 10.0 , 64 bit Build 14393 (10.0.14393.0)

CPU:total 8 (4 cores per cpu, 2 threads per core) family 6 model 60 stepping 3, cmov, cx8, fxsr, mmx, sse, sse2, sse3, ssse3, sse4.1, sse4.2, popcnt, avx, avx2, aes, clmul, erms, lzcnt, ht, tsc, tscinvbit, bmi1, bmi2

Memory: 4k page, physical 8295196k(969368k free), swap 15743924k(2796k free)

vm_info: Java HotSpot(TM) 64-Bit Server VM (25.111-b14) for windows-amd64 JRE (1.8.0_111-b14), built on Sep 22 2016 19:24:05 by "java_re" with MS VC++ 10.0 (VS2010)

time: Wed Jan 25 00:43:35 2017
elapsed time: 4 seconds (0d 0h 0m 4s)

